#
# There is insufficient memory for the Java Runtime Environment to continue.
# Native memory allocation (malloc) failed to allocate 1244976 bytes for Chunk::new
# Possible reasons:
#   The system is out of physical RAM or swap space
#   The process is running with CompressedOops enabled, and the Java Heap may be blocking the growth of the native heap
# Possible solutions:
#   Reduce memory load on the system
#   Increase physical memory or swap space
#   Check if swap backing store is full
#   Decrease Java heap size (-Xmx/-Xms)
#   Decrease number of Java threads
#   Decrease Java thread stack sizes (-Xss)
#   Set larger code cache with -XX:ReservedCodeCacheSize=
#   JVM is running with Unscaled Compressed Oops mode in which the Java heap is
#     placed in the first 4GB address space. The Java Heap base address is the
#     maximum limit for the native heap growth. Please use -XX:HeapBaseMinAddress
#     to set the Java Heap base and to place the Java Heap above 4GB virtual address.
# This output file may be truncated or incomplete.
#
#  Out of Memory Error (allocation.cpp:389), pid=13604, tid=0x0000000000002f34
#
# JRE version: OpenJDK Runtime Environment (8.0_242-b01) (build 1.8.0_242-release-1644-b01)
# Java VM: OpenJDK 64-Bit Server VM (25.242-b01 mixed mode windows-amd64 compressed oops)
# Failed to write core dump. Minidumps are not enabled by default on client versions of Windows
#

---------------  T H R E A D  ---------------

Current thread (0x00000000175ee000):  JavaThread "C2 CompilerThread1" daemon [_thread_in_native, id=12084, stack(0x0000000018d30000,0x0000000018e30000)]

Stack: [0x0000000018d30000,0x0000000018e30000]
[error occurred during error reporting (printing stack bounds), id 0xc0000005]

Native frames: (J=compiled Java code, j=interpreted, Vv=VM code, C=native code)


Current CompileTask:
C2: 572385 21868       4       org.gradle.api.internal.changedetection.state.CachingFileHasher::snapshot (114 bytes)


---------------  P R O C E S S  ---------------

Java Threads: ( => current thread )
  0x0000000028886000 JavaThread "Cache worker for execution history cache (D:\Softwares\Loginapp\.gradle\6.5\executionHistory)" [_thread_blocked, id=15484, stack(0x000000003afa0000,0x000000003b0a0000)]
  0x0000000028885800 JavaThread "Execution worker for ':' Thread 3" [_thread_in_native, id=4600, stack(0x000000003aea0000,0x000000003afa0000)]
  0x0000000028889000 JavaThread "Execution worker for ':' Thread 2" [_thread_blocked, id=11056, stack(0x000000003ada0000,0x000000003aea0000)]
  0x000000002991d000 JavaThread "Execution worker for ':'" [_thread_blocked, id=10504, stack(0x000000003aca0000,0x000000003ada0000)]
  0x000000002991c000 JavaThread "Cache worker for file content cache (D:\Softwares\Loginapp\.gradle\6.5\fileContent)" [_thread_blocked, id=14560, stack(0x000000003aba0000,0x000000003aca0000)]
  0x000000002991b800 JavaThread "Cache worker for Build Output Cleanup Cache (D:\Softwares\Loginapp\.gradle\buildOutputCleanup)" [_thread_blocked, id=3032, stack(0x000000003aaa0000,0x000000003aba0000)]
  0x000000002991e800 JavaThread "jar transforms Thread 188" [_thread_blocked, id=7612, stack(0x000000003a9a0000,0x000000003aaa0000)]
  0x000000002991a800 JavaThread "jar transforms Thread 187" [_thread_blocked, id=8512, stack(0x000000003a8a0000,0x000000003a9a0000)]
  0x000000002991d800 JavaThread "jar transforms Thread 186" [_thread_blocked, id=5868, stack(0x000000003a7a0000,0x000000003a8a0000)]
  0x000000002991a000 JavaThread "jar transforms Thread 185" [_thread_blocked, id=13728, stack(0x000000003a6a0000,0x000000003a7a0000)]
  0x0000000029912800 JavaThread "jar transforms Thread 184" [_thread_blocked, id=2456, stack(0x000000003a5a0000,0x000000003a6a0000)]
  0x0000000029918800 JavaThread "jar transforms Thread 183" [_thread_blocked, id=13268, stack(0x000000003a4a0000,0x000000003a5a0000)]
  0x0000000029917800 JavaThread "jar transforms Thread 182" [_thread_blocked, id=4748, stack(0x000000003a3a0000,0x000000003a4a0000)]
  0x0000000029917000 JavaThread "jar transforms Thread 181" [_thread_blocked, id=7464, stack(0x000000003a2a0000,0x000000003a3a0000)]
  0x0000000029919000 JavaThread "jar transforms Thread 180" [_thread_blocked, id=12884, stack(0x000000003a1a0000,0x000000003a2a0000)]
  0x0000000029915800 JavaThread "jar transforms Thread 179" [_thread_blocked, id=2672, stack(0x000000003a0a0000,0x000000003a1a0000)]
  0x0000000029911800 JavaThread "jar transforms Thread 178" [_thread_blocked, id=15612, stack(0x0000000039fa0000,0x000000003a0a0000)]
  0x0000000029913000 JavaThread "jar transforms Thread 177" [_thread_blocked, id=6504, stack(0x0000000039ea0000,0x0000000039fa0000)]
  0x0000000029914000 JavaThread "jar transforms Thread 176" [_thread_blocked, id=3096, stack(0x0000000039da0000,0x0000000039ea0000)]
  0x0000000029911000 JavaThread "jar transforms Thread 175" [_thread_blocked, id=14664, stack(0x0000000039ca0000,0x0000000039da0000)]
  0x0000000029914800 JavaThread "jar transforms Thread 174" [_thread_blocked, id=2284, stack(0x0000000039ba0000,0x0000000039ca0000)]
  0x0000000029910000 JavaThread "jar transforms Thread 173" [_thread_blocked, id=3212, stack(0x0000000039aa0000,0x0000000039ba0000)]
  0x0000000029916000 JavaThread "jar transforms Thread 172" [_thread_blocked, id=13852, stack(0x00000000399a0000,0x0000000039aa0000)]
  0x000000001f8c8000 JavaThread "jar transforms Thread 171" [_thread_blocked, id=2388, stack(0x00000000398a0000,0x00000000399a0000)]
  0x000000001f8c5000 JavaThread "jar transforms Thread 170" [_thread_blocked, id=1208, stack(0x00000000397a0000,0x00000000398a0000)]
  0x000000001f8c3800 JavaThread "jar transforms Thread 169" [_thread_blocked, id=12404, stack(0x00000000396a0000,0x00000000397a0000)]
  0x000000001f8c2800 JavaThread "jar transforms Thread 168" [_thread_blocked, id=8624, stack(0x00000000395a0000,0x00000000396a0000)]
  0x000000001f8c7000 JavaThread "jar transforms Thread 167" [_thread_blocked, id=11976, stack(0x00000000394a0000,0x00000000395a0000)]
  0x000000001f8c1000 JavaThread "jar transforms Thread 166" [_thread_blocked, id=8984, stack(0x00000000393a0000,0x00000000394a0000)]
  0x000000001f8c2000 JavaThread "jar transforms Thread 165" [_thread_blocked, id=10508, stack(0x00000000392a0000,0x00000000393a0000)]
  0x000000001f8c4000 JavaThread "jar transforms Thread 164" [_thread_blocked, id=13844, stack(0x00000000391a0000,0x00000000392a0000)]
  0x000000001f8c5800 JavaThread "jar transforms Thread 163" [_thread_blocked, id=11108, stack(0x00000000390a0000,0x00000000391a0000)]
  0x000000001f8c6800 JavaThread "jar transforms Thread 162" [_thread_blocked, id=9740, stack(0x0000000038fa0000,0x00000000390a0000)]
  0x000000001f8b9800 JavaThread "jar transforms Thread 161" [_thread_blocked, id=13064, stack(0x0000000038ea0000,0x0000000038fa0000)]
  0x000000001f8c0800 JavaThread "jar transforms Thread 160" [_thread_blocked, id=14864, stack(0x0000000038da0000,0x0000000038ea0000)]
  0x000000001f8bd800 JavaThread "jar transforms Thread 159" [_thread_blocked, id=1944, stack(0x0000000038ca0000,0x0000000038da0000)]
  0x000000001f8bf800 JavaThread "jar transforms Thread 158" [_thread_blocked, id=10660, stack(0x0000000038ba0000,0x0000000038ca0000)]
  0x000000001f8ba800 JavaThread "jar transforms Thread 157" [_thread_blocked, id=4668, stack(0x0000000038aa0000,0x0000000038ba0000)]
  0x000000001f8b9000 JavaThread "jar transforms Thread 156" [_thread_blocked, id=8160, stack(0x00000000389a0000,0x0000000038aa0000)]
  0x000000001f8bf000 JavaThread "jar transforms Thread 155" [_thread_blocked, id=15536, stack(0x00000000388a0000,0x00000000389a0000)]
  0x000000001f8bc000 JavaThread "jar transforms Thread 154" [_thread_blocked, id=1916, stack(0x00000000387a0000,0x00000000388a0000)]
  0x000000001f8bc800 JavaThread "jar transforms Thread 153" [_thread_blocked, id=252, stack(0x00000000386a0000,0x00000000387a0000)]
  0x000000001f8be000 JavaThread "jar transforms Thread 152" [_thread_blocked, id=5044, stack(0x00000000385a0000,0x00000000386a0000)]
  0x000000001f8bb000 JavaThread "jar transforms Thread 151" [_thread_blocked, id=16140, stack(0x00000000384a0000,0x00000000385a0000)]
  0x000000001fe0a800 JavaThread "jar transforms Thread 150" [_thread_blocked, id=1292, stack(0x00000000383a0000,0x00000000384a0000)]
  0x000000001fe09800 JavaThread "jar transforms Thread 149" [_thread_blocked, id=1192, stack(0x00000000382a0000,0x00000000383a0000)]
  0x000000001fe06800 JavaThread "jar transforms Thread 148" [_thread_blocked, id=1412, stack(0x00000000381a0000,0x00000000382a0000)]
  0x000000001fe09000 JavaThread "jar transforms Thread 147" [_thread_blocked, id=6936, stack(0x00000000380a0000,0x00000000381a0000)]
  0x000000001fe06000 JavaThread "jar transforms Thread 146" [_thread_blocked, id=10316, stack(0x0000000037fa0000,0x00000000380a0000)]
  0x000000001fe08000 JavaThread "jar transforms Thread 145" [_thread_blocked, id=14136, stack(0x0000000037ea0000,0x0000000037fa0000)]
  0x000000001fe07800 JavaThread "jar transforms Thread 144" [_thread_blocked, id=16316, stack(0x0000000037da0000,0x0000000037ea0000)]
  0x000000001fe0b000 JavaThread "jar transforms Thread 143" [_thread_blocked, id=13752, stack(0x0000000037ca0000,0x0000000037da0000)]
  0x000000001fdff000 JavaThread "jar transforms Thread 142" [_thread_blocked, id=11636, stack(0x0000000037ba0000,0x0000000037ca0000)]
  0x000000001fdfe000 JavaThread "jar transforms Thread 141" [_thread_blocked, id=5460, stack(0x0000000037aa0000,0x0000000037ba0000)]
  0x000000001fe05000 JavaThread "jar transforms Thread 140" [_thread_blocked, id=15468, stack(0x00000000379a0000,0x0000000037aa0000)]
  0x000000001fdfd800 JavaThread "jar transforms Thread 139" [_thread_blocked, id=14296, stack(0x00000000378a0000,0x00000000379a0000)]
  0x000000001fe04000 JavaThread "jar transforms Thread 138" [_thread_blocked, id=2960, stack(0x00000000377a0000,0x00000000378a0000)]
  0x000000001fe00800 JavaThread "jar transforms Thread 137" [_thread_blocked, id=15880, stack(0x00000000376a0000,0x00000000377a0000)]
  0x000000001fe03800 JavaThread "jar transforms Thread 136" [_thread_blocked, id=1460, stack(0x00000000375a0000,0x00000000376a0000)]
  0x000000001fdff800 JavaThread "jar transforms Thread 135" [_thread_blocked, id=3356, stack(0x00000000374a0000,0x00000000375a0000)]
  0x000000001fe02800 JavaThread "jar transforms Thread 134" [_thread_blocked, id=14568, stack(0x00000000373a0000,0x00000000374a0000)]
  0x000000001fe02000 JavaThread "jar transforms Thread 133" [_thread_blocked, id=11508, stack(0x00000000372a0000,0x00000000373a0000)]
  0x000000001fdfc000 JavaThread "jar transforms Thread 132" [_thread_blocked, id=7284, stack(0x00000000371a0000,0x00000000372a0000)]
  0x000000001fe01000 JavaThread "jar transforms Thread 131" [_thread_blocked, id=4084, stack(0x00000000370a0000,0x00000000371a0000)]
  0x000000001fdfc800 JavaThread "jar transforms Thread 130" [_thread_blocked, id=15992, stack(0x0000000036fa0000,0x00000000370a0000)]
  0x00000000175f9800 JavaThread "jar transforms Thread 129" [_thread_blocked, id=3748, stack(0x0000000036ea0000,0x0000000036fa0000)]
  0x00000000175f8000 JavaThread "jar transforms Thread 128" [_thread_blocked, id=8740, stack(0x0000000036da0000,0x0000000036ea0000)]
  0x00000000175f5000 JavaThread "jar transforms Thread 127" [_thread_blocked, id=11456, stack(0x0000000036ca0000,0x0000000036da0000)]
  0x00000000175fa000 JavaThread "jar transforms Thread 126" [_thread_blocked, id=13048, stack(0x0000000036ba0000,0x0000000036ca0000)]
  0x00000000175fb000 JavaThread "jar transforms Thread 125" [_thread_blocked, id=3492, stack(0x0000000036aa0000,0x0000000036ba0000)]
  0x000000001acd3000 JavaThread "jar transforms Thread 124" [_thread_blocked, id=5032, stack(0x00000000369a0000,0x0000000036aa0000)]
  0x000000001acd2800 JavaThread "jar transforms Thread 123" [_thread_blocked, id=13524, stack(0x00000000368a0000,0x00000000369a0000)]
  0x000000001acd1000 JavaThread "jar transforms Thread 122" [_thread_blocked, id=4140, stack(0x00000000367a0000,0x00000000368a0000)]
  0x000000001acc7000 JavaThread "jar transforms Thread 121" [_thread_blocked, id=9400, stack(0x00000000366a0000,0x00000000367a0000)]
  0x000000001acce000 JavaThread "jar transforms Thread 120" [_thread_blocked, id=13568, stack(0x00000000365a0000,0x00000000366a0000)]
  0x000000001acc6800 JavaThread "jar transforms Thread 119" [_thread_blocked, id=10796, stack(0x00000000364a0000,0x00000000365a0000)]
  0x000000001acc5000 JavaThread "jar transforms Thread 118" [_thread_blocked, id=14828, stack(0x00000000363a0000,0x00000000364a0000)]
  0x000000001accb800 JavaThread "jar transforms Thread 117" [_thread_blocked, id=12900, stack(0x00000000362a0000,0x00000000363a0000)]
  0x000000001acc4000 JavaThread "jar transforms Thread 116" [_thread_blocked, id=7872, stack(0x00000000361a0000,0x00000000362a0000)]
  0x000000001accb000 JavaThread "jar transforms Thread 115" [_thread_blocked, id=13560, stack(0x000000002cce0000,0x000000002cde0000)]
  0x000000001acc5800 JavaThread "jar transforms Thread 114" [_thread_blocked, id=15812, stack(0x000000002c4e0000,0x000000002c5e0000)]
  0x000000001acc8800 JavaThread "jar transforms Thread 113" [_thread_blocked, id=13552, stack(0x000000002af60000,0x000000002b060000)]
  0x000000001acca000 JavaThread "jar transforms Thread 112" [_thread_blocked, id=1056, stack(0x000000002aa30000,0x000000002ab30000)]
  0x000000001acc9800 JavaThread "jar transforms Thread 111" [_thread_blocked, id=14500, stack(0x000000002a930000,0x000000002aa30000)]
  0x0000000019e5b000 JavaThread "jar transforms Thread 110" [_thread_blocked, id=11744, stack(0x0000000029610000,0x0000000029710000)]
  0x0000000019e5a800 JavaThread "jar transforms Thread 109" [_thread_blocked, id=12684, stack(0x0000000028490000,0x0000000028590000)]
  0x0000000019e59800 JavaThread "jar transforms Thread 108" [_thread_blocked, id=12892, stack(0x0000000028390000,0x0000000028490000)]
  0x0000000019e56000 JavaThread "jar transforms Thread 107" [_thread_blocked, id=7400, stack(0x0000000027490000,0x0000000027590000)]
  0x0000000019e57800 JavaThread "jar transforms Thread 106" [_thread_blocked, id=14988, stack(0x00000000270c0000,0x00000000271c0000)]
  0x0000000019e56800 JavaThread "jar transforms Thread 105" [_thread_blocked, id=6148, stack(0x0000000023170000,0x0000000023270000)]
  0x0000000019e59000 JavaThread "jar transforms Thread 104" [_thread_blocked, id=11416, stack(0x0000000023070000,0x0000000023170000)]
  0x0000000019e58000 JavaThread "jar transforms Thread 103" [_thread_blocked, id=4576, stack(0x0000000022970000,0x0000000022a70000)]
  0x0000000019e4e800 JavaThread "jar transforms Thread 102" [_thread_blocked, id=11748, stack(0x0000000022270000,0x0000000022370000)]
  0x0000000019e55000 JavaThread "jar transforms Thread 101" [_thread_blocked, id=1760, stack(0x0000000022170000,0x0000000022270000)]
  0x0000000019e4d800 JavaThread "jar transforms Thread 100" [_thread_blocked, id=12708, stack(0x0000000022070000,0x0000000022170000)]
  0x0000000019e54800 JavaThread "jar transforms Thread 99" [_thread_blocked, id=10292, stack(0x0000000021f70000,0x0000000022070000)]
  0x0000000019e4d000 JavaThread "jar transforms Thread 98" [_thread_blocked, id=15624, stack(0x0000000021e70000,0x0000000021f70000)]
  0x0000000019e52000 JavaThread "jar transforms Thread 97" [_thread_blocked, id=12652, stack(0x0000000021d70000,0x0000000021e70000)]
  0x0000000019e51800 JavaThread "jar transforms Thread 96" [_thread_blocked, id=2892, stack(0x0000000021c70000,0x0000000021d70000)]
  0x000000001d466000 JavaThread "jar transforms Thread 95" [_thread_blocked, id=12820, stack(0x0000000021790000,0x0000000021890000)]
  0x000000001d464800 JavaThread "Build operations Thread 4" [_thread_blocked, id=11240, stack(0x0000000021690000,0x0000000021790000)]
  0x000000001d463000 JavaThread "Build operations Thread 3" [_thread_blocked, id=10700, stack(0x0000000021590000,0x0000000021690000)]
  0x000000001d467000 JavaThread "Build operations Thread 2" [_thread_blocked, id=9016, stack(0x0000000021490000,0x0000000021590000)]
  0x000000001d462800 JavaThread "Build operations" [_thread_blocked, id=12308, stack(0x0000000021390000,0x0000000021490000)]
  0x000000001d45a000 JavaThread "Cache worker for cache directory md-rule (C:\Program Files\Android\Android Studio\gradle\gradle-6.1.1\caches\6.5\md-rule)" [_thread_blocked, id=15252, stack(0x0000000021290000,0x0000000021390000)]
  0x000000001d461000 JavaThread "Cache worker for cache directory md-supplier (C:\Program Files\Android\Android Studio\gradle\gradle-6.1.1\caches\6.5\md-supplier)" [_thread_blocked, id=6028, stack(0x0000000021190000,0x0000000021290000)]
  0x000000001d460000 JavaThread "Cache worker for checksums cache (D:\Softwares\Loginapp\.gradle\checksums)" [_thread_blocked, id=15836, stack(0x0000000020990000,0x0000000020a90000)]
  0x000000001d459800 JavaThread "Cache worker for file hash cache (D:\Softwares\Loginapp\.gradle\6.5\fileHashes)" [_thread_blocked, id=14760, stack(0x000000001ece0000,0x000000001ede0000)]
  0x000000001d45b800 JavaThread "Thread-142" [_thread_blocked, id=2012, stack(0x000000001e920000,0x000000001ea20000)]
  0x000000001d458000 JavaThread "Stdin handler" [_thread_blocked, id=668, stack(0x000000001c080000,0x000000001c180000)]
  0x000000001d45e800 JavaThread "Asynchronous log dispatcher for DefaultDaemonConnection: socket connection from /127.0.0.1:55887 to /127.0.0.1:55914" [_thread_blocked, id=13856, stack(0x000000001be80000,0x000000001bf80000)]
  0x000000001d45e000 JavaThread "Daemon worker Thread 2" [_thread_blocked, id=8424, stack(0x000000001bd80000,0x000000001be80000)]
  0x000000001d458800 JavaThread "Cancel handler" [_thread_blocked, id=14052, stack(0x000000001bc80000,0x000000001bd80000)]
  0x000000001d45d000 JavaThread "Handler for socket connection from /127.0.0.1:55887 to /127.0.0.1:55914" [_thread_in_native, id=13292, stack(0x000000001b980000,0x000000001ba80000)]
  0x000000001d45b000 JavaThread "Daemon Thread 2" [_thread_blocked, id=7780, stack(0x000000001b880000,0x000000001b980000)]
  0x000000001acc8000 JavaThread "Cache worker for Java compile cache (C:\Program Files\Android\Android Studio\gradle\gradle-6.1.1\caches\6.5\javaCompile)" [_thread_blocked, id=1100, stack(0x00000000218d0000,0x00000000219d0000)]
  0x000000001d45c800 JavaThread "Memory manager" [_thread_blocked, id=11284, stack(0x00000000009d0000,0x0000000000ad0000)]
  0x00000000175f5800 JavaThread "Cache worker for file content cache (C:\Program Files\Android\Android Studio\gradle\gradle-6.1.1\caches\6.5\fileContent)" [_thread_blocked, id=15976, stack(0x0000000020a90000,0x0000000020b90000)]
  0x00000000175fb800 JavaThread "Cache worker for execution history cache (C:\Program Files\Android\Android Studio\gradle\gradle-6.1.1\caches\6.5\executionHistory)" [_thread_blocked, id=14456, stack(0x0000000020290000,0x0000000020390000)]
  0x00000000175f6800 JavaThread "Cache worker for file hash cache (C:\Program Files\Android\Android Studio\gradle\gradle-6.1.1\caches\6.5\fileHashes)" [_thread_blocked, id=10944, stack(0x000000001d650000,0x000000001d750000)]
  0x00000000175f8800 JavaThread "File lock request listener" [_thread_in_native, id=14144, stack(0x000000001d550000,0x000000001d650000)]
  0x000000001a90e800 JavaThread "Cache worker for journal cache (C:\Program Files\Android\Android Studio\gradle\gradle-6.1.1\caches\journal-1)" [_thread_blocked, id=3752, stack(0x000000001c380000,0x000000001c480000)]
  0x000000001917a000 JavaThread "Daemon periodic checks" [_thread_blocked, id=9180, stack(0x000000001b780000,0x000000001b880000)]
  0x000000001922f800 JavaThread "Incoming local TCP Connector on port 55887" [_thread_in_native, id=14748, stack(0x000000001b540000,0x000000001b640000)]
  0x000000001a33b800 JavaThread "Daemon health stats" [_thread_blocked, id=6872, stack(0x000000001af00000,0x000000001b000000)]
  0x0000000018f70000 JavaThread "Service Thread" daemon [_thread_blocked, id=2564, stack(0x0000000019330000,0x0000000019430000)]
  0x00000000175f7000 JavaThread "C1 CompilerThread2" daemon [_thread_blocked, id=6612, stack(0x0000000018e30000,0x0000000018f30000)]
=>0x00000000175ee000 JavaThread "C2 CompilerThread1" daemon [_thread_in_native, id=12084, stack(0x0000000018d30000,0x0000000018e30000)]
  0x00000000175e5800 JavaThread "C2 CompilerThread0" daemon [_thread_in_native, id=10600, stack(0x0000000018c30000,0x0000000018d30000)]
  0x00000000175e4000 JavaThread "Attach Listener" daemon [_thread_blocked, id=15328, stack(0x0000000018b30000,0x0000000018c30000)]
  0x00000000175e1000 JavaThread "Signal Dispatcher" daemon [_thread_blocked, id=7008, stack(0x0000000018a30000,0x0000000018b30000)]
  0x00000000175c9000 JavaThread "Finalizer" daemon [_thread_blocked, id=7968, stack(0x0000000018830000,0x0000000018930000)]
  0x00000000029b1000 JavaThread "Reference Handler" daemon [_thread_blocked, id=15096, stack(0x0000000018730000,0x0000000018830000)]
  0x000000000270e800 JavaThread "main" [_thread_blocked, id=9192, stack(0x00000000027c0000,0x00000000028c0000)]

Other Threads:
  0x00000000175a6800 VMThread [stack: 0x0000000018630000,0x0000000018730000] [id=8144]
  0x000000001763e000 WatcherThread [stack: 0x0000000019430000,0x0000000019530000] [id=8704]

VM state:not at safepoint (normal execution)

VM Mutex/Monitor currently owned by a thread: None

heap address: 0x0000000080000000, size: 2048 MB, Compressed Oops mode: 32-bit
Narrow klass base: 0x0000000000000000, Narrow klass shift: 3
Compressed class space size: 1073741824 Address: 0x0000000100000000

Heap:
 PSYoungGen      total 604160K, used 534722K [0x00000000d5580000, 0x0000000100000000, 0x0000000100000000)
  eden space 573952K, 93% used [0x00000000d5580000,0x00000000f5fb0be0,0x00000000f8600000)
  from space 30208K, 0% used [0x00000000fe000000,0x00000000fe000000,0x00000000ffd80000)
  to   space 62464K, 0% used [0x00000000f8600000,0x00000000f8600000,0x00000000fc300000)
 ParOldGen       total 304640K, used 160659K [0x0000000080000000, 0x0000000092980000, 0x00000000d5580000)
  object space 304640K, 52% used [0x0000000080000000,0x0000000089ce4d88,0x0000000092980000)
 Metaspace       used 100497K, capacity 105487K, committed 106008K, reserved 1140736K
  class space    used 12982K, capacity 13897K, committed 14128K, reserved 1048576K

Card table byte_map: [0x0000000011d80000,0x0000000012190000] byte_map_base: 0x0000000011980000

Marking Bits: (ParMarkBitMap*) 0x000000006936f030
 Begin Bits: [0x0000000012840000, 0x0000000014840000)
 End Bits:   [0x0000000014840000, 0x0000000016840000)

Polling page: 0x00000000005d0000

CodeCache: size=245760Kb used=61036Kb max_used=61092Kb free=184724Kb
 bounds [0x00000000029c0000, 0x00000000065c0000, 0x00000000119c0000]
 total_blobs=18269 nmethods=17347 adapters=831
 compilation: enabled

Compilation events (10 events):
Event: 559.306 Thread 0x00000000175e5800 21864       4       java.util.stream.FindOps$FindOp::evaluateSequential (39 bytes)
Event: 559.306 Thread 0x00000000175ee000 21865       4       java.util.stream.FindOps$$Lambda$113/1531471264::get (8 bytes)
Event: 559.310 Thread 0x00000000175ee000 nmethod 21865 0x0000000006583210 code [0x0000000006583360, 0x0000000006583438]
Event: 559.368 Thread 0x00000000175e5800 nmethod 21864 0x00000000065ae090 code [0x00000000065ae2a0, 0x00000000065aead8]
Event: 562.108 Thread 0x00000000175f7000 21866       1       org.gradle.launcher.daemon.server.Daemon::getDaemonRegistry (5 bytes)
Event: 562.109 Thread 0x00000000175f7000 nmethod 21866 0x00000000065addd0 code [0x00000000065adf20, 0x00000000065ae030]
Event: 562.373 Thread 0x00000000175f7000 21867       3       java.util.Collections::sort (8 bytes)
Event: 562.374 Thread 0x00000000175f7000 nmethod 21867 0x0000000002ad0210 code [0x0000000002ad0380, 0x0000000002ad0588]
Event: 570.427 Thread 0x00000000175ee000 21868       4       org.gradle.api.internal.changedetection.state.CachingFileHasher::snapshot (114 bytes)
Event: 570.429 Thread 0x00000000175e5800 21869       4       org.gradle.api.internal.changedetection.state.CachingFileHasher::hash (12 bytes)

GC Heap History (10 events):
Event: 313.574 GC heap before
{Heap before GC invocations=89 (full 5):
 PSYoungGen      total 654848K, used 632152K [0x00000000d5580000, 0x00000000ffc80000, 0x0000000100000000)
  eden space 620544K, 100% used [0x00000000d5580000,0x00000000fb380000,0x00000000fb380000)
  from space 34304K, 33% used [0x00000000fb380000,0x00000000fbed61d8,0x00000000fd500000)
  to   space 32768K, 0% used [0x00000000fdc80000,0x00000000fdc80000,0x00000000ffc80000)
 ParOldGen       total 174080K, used 149071K [0x0000000080000000, 0x000000008aa00000, 0x00000000d5580000)
  object space 174080K, 85% used [0x0000000080000000,0x0000000089193fc8,0x000000008aa00000)
 Metaspace       used 95360K, capacity 100055K, committed 101016K, reserved 1136640K
  class space    used 12570K, capacity 13445K, committed 13744K, reserved 1048576K
Event: 313.613 GC heap after
Heap after GC invocations=89 (full 5):
 PSYoungGen      total 663040K, used 10050K [0x00000000d5580000, 0x00000000ffb80000, 0x0000000100000000)
  eden space 631296K, 0% used [0x00000000d5580000,0x00000000d5580000,0x00000000fbe00000)
  from space 31744K, 31% used [0x00000000fdc80000,0x00000000fe6509e0,0x00000000ffb80000)
  to   space 31232K, 0% used [0x00000000fbe00000,0x00000000fbe00000,0x00000000fdc80000)
 ParOldGen       total 174080K, used 157559K [0x0000000080000000, 0x000000008aa00000, 0x00000000d5580000)
  object space 174080K, 90% used [0x0000000080000000,0x00000000899ddea0,0x000000008aa00000)
 Metaspace       used 95360K, capacity 100055K, committed 101016K, reserved 1136640K
  class space    used 12570K, capacity 13445K, committed 13744K, reserved 1048576K
}
Event: 313.613 GC heap before
{Heap before GC invocations=90 (full 6):
 PSYoungGen      total 663040K, used 10050K [0x00000000d5580000, 0x00000000ffb80000, 0x0000000100000000)
  eden space 631296K, 0% used [0x00000000d5580000,0x00000000d5580000,0x00000000fbe00000)
  from space 31744K, 31% used [0x00000000fdc80000,0x00000000fe6509e0,0x00000000ffb80000)
  to   space 31232K, 0% used [0x00000000fbe00000,0x00000000fbe00000,0x00000000fdc80000)
 ParOldGen       total 174080K, used 157559K [0x0000000080000000, 0x000000008aa00000, 0x00000000d5580000)
  object space 174080K, 90% used [0x0000000080000000,0x00000000899ddea0,0x000000008aa00000)
 Metaspace       used 95360K, capacity 100055K, committed 101016K, reserved 1136640K
  class space    used 12570K, capacity 13445K, committed 13744K, reserved 1048576K
Event: 314.063 GC heap after
Heap after GC invocations=90 (full 6):
 PSYoungGen      total 663040K, used 0K [0x00000000d5580000, 0x00000000ffb80000, 0x0000000100000000)
  eden space 631296K, 0% used [0x00000000d5580000,0x00000000d5580000,0x00000000fbe00000)
  from space 31744K, 0% used [0x00000000fdc80000,0x00000000fdc80000,0x00000000ffb80000)
  to   space 31232K, 0% used [0x00000000fbe00000,0x00000000fbe00000,0x00000000fdc80000)
 ParOldGen       total 225280K, used 121100K [0x0000000080000000, 0x000000008dc00000, 0x00000000d5580000)
  object space 225280K, 53% used [0x0000000080000000,0x00000000876431d8,0x000000008dc00000)
 Metaspace       used 95360K, capacity 100055K, committed 101016K, reserved 1136640K
  class space    used 12570K, capacity 13445K, committed 13744K, reserved 1048576K
}
Event: 318.267 GC heap before
{Heap before GC invocations=91 (full 6):
 PSYoungGen      total 663040K, used 631296K [0x00000000d5580000, 0x00000000ffb80000, 0x0000000100000000)
  eden space 631296K, 100% used [0x00000000d5580000,0x00000000fbe00000,0x00000000fbe00000)
  from space 31744K, 0% used [0x00000000fdc80000,0x00000000fdc80000,0x00000000ffb80000)
  to   space 31232K, 0% used [0x00000000fbe00000,0x00000000fbe00000,0x00000000fdc80000)
 ParOldGen       total 225280K, used 121100K [0x0000000080000000, 0x000000008dc00000, 0x00000000d5580000)
  object space 225280K, 53% used [0x0000000080000000,0x00000000876431d8,0x000000008dc00000)
 Metaspace       used 95362K, capacity 100119K, committed 101016K, reserved 1136640K
  class space    used 12570K, capacity 13445K, committed 13744K, reserved 1048576K
Event: 318.374 GC heap after
Heap after GC invocations=91 (full 6):
 PSYoungGen      total 662528K, used 8939K [0x00000000d5580000, 0x00000000ffd80000, 0x0000000100000000)
  eden space 631296K, 0% used [0x00000000d5580000,0x00000000d5580000,0x00000000fbe00000)
  from space 31232K, 28% used [0x00000000fbe00000,0x00000000fc6bad30,0x00000000fdc80000)
  to   space 30208K, 0% used [0x00000000fe000000,0x00000000fe000000,0x00000000ffd80000)
 ParOldGen       total 225280K, used 121100K [0x0000000080000000, 0x000000008dc00000, 0x00000000d5580000)
  object space 225280K, 53% used [0x0000000080000000,0x00000000876431d8,0x000000008dc00000)
 Metaspace       used 95362K, capacity 100119K, committed 101016K, reserved 1136640K
  class space    used 12570K, capacity 13445K, committed 13744K, reserved 1048576K
}
Event: 325.735 GC heap before
{Heap before GC invocations=92 (full 6):
 PSYoungGen      total 662528K, used 640235K [0x00000000d5580000, 0x00000000ffd80000, 0x0000000100000000)
  eden space 631296K, 100% used [0x00000000d5580000,0x00000000fbe00000,0x00000000fbe00000)
  from space 31232K, 28% used [0x00000000fbe00000,0x00000000fc6bad30,0x00000000fdc80000)
  to   space 30208K, 0% used [0x00000000fe000000,0x00000000fe000000,0x00000000ffd80000)
 ParOldGen       total 225280K, used 121100K [0x0000000080000000, 0x000000008dc00000, 0x00000000d5580000)
  object space 225280K, 53% used [0x0000000080000000,0x00000000876431d8,0x000000008dc00000)
 Metaspace       used 96028K, capacity 100891K, committed 101912K, reserved 1136640K
  class space    used 12637K, capacity 13507K, committed 13872K, reserved 1048576K
Event: 325.982 GC heap after
Heap after GC invocations=92 (full 6):
 PSYoungGen      total 604160K, used 30200K [0x00000000d5580000, 0x0000000100000000, 0x0000000100000000)
  eden space 573952K, 0% used [0x00000000d5580000,0x00000000d5580000,0x00000000f8600000)
  from space 30208K, 99% used [0x00000000fe000000,0x00000000ffd7e0f8,0x00000000ffd80000)
  to   space 62464K, 0% used [0x00000000f8600000,0x00000000f8600000,0x00000000fc300000)
 ParOldGen       total 225280K, used 195541K [0x0000000080000000, 0x000000008dc00000, 0x00000000d5580000)
  object space 225280K, 86% used [0x0000000080000000,0x000000008bef55d8,0x000000008dc00000)
 Metaspace       used 96028K, capacity 100891K, committed 101912K, reserved 1136640K
  class space    used 12637K, capacity 13507K, committed 13872K, reserved 1048576K
}
Event: 325.982 GC heap before
{Heap before GC invocations=93 (full 7):
 PSYoungGen      total 604160K, used 30200K [0x00000000d5580000, 0x0000000100000000, 0x0000000100000000)
  eden space 573952K, 0% used [0x00000000d5580000,0x00000000d5580000,0x00000000f8600000)
  from space 30208K, 99% used [0x00000000fe000000,0x00000000ffd7e0f8,0x00000000ffd80000)
  to   space 62464K, 0% used [0x00000000f8600000,0x00000000f8600000,0x00000000fc300000)
 ParOldGen       total 225280K, used 195541K [0x0000000080000000, 0x000000008dc00000, 0x00000000d5580000)
  object space 225280K, 86% used [0x0000000080000000,0x000000008bef55d8,0x000000008dc00000)
 Metaspace       used 96028K, capacity 100891K, committed 101912K, reserved 1136640K
  class space    used 12637K, capacity 13507K, committed 13872K, reserved 1048576K
Event: 327.045 GC heap after
Heap after GC invocations=93 (full 7):
 PSYoungGen      total 604160K, used 0K [0x00000000d5580000, 0x0000000100000000, 0x0000000100000000)
  eden space 573952K, 0% used [0x00000000d5580000,0x00000000d5580000,0x00000000f8600000)
  from space 30208K, 0% used [0x00000000fe000000,0x00000000fe000000,0x00000000ffd80000)
  to   space 62464K, 0% used [0x00000000f8600000,0x00000000f8600000,0x00000000fc300000)
 ParOldGen       total 304640K, used 160659K [0x0000000080000000, 0x0000000092980000, 0x00000000d5580000)
  object space 304640K, 52% used [0x0000000080000000,0x0000000089ce4d88,0x0000000092980000)
 Metaspace       used 96015K, capacity 100855K, committed 101912K, reserved 1136640K
  class space    used 12632K, capacity 13499K, committed 13872K, reserved 1048576K
}

Deoptimization events (10 events):
Event: 550.137 Thread 0x000000001d45e000 Uncommon trap: reason=unstable_if action=reinterpret pc=0x00000000041e2cc0 method=com.sun.org.apache.xerces.internal.parsers.AbstractSAXParser.setFeature(Ljava/lang/String;Z)V @ 96
Event: 550.232 Thread 0x000000001d45e000 Uncommon trap: reason=bimorphic action=maybe_recompile pc=0x000000000499939c method=com.sun.org.apache.xerces.internal.parsers.AbstractSAXParser.startNamespaceMapping()V @ 65
Event: 550.233 Thread 0x000000001d45e000 Uncommon trap: reason=unstable_if action=reinterpret pc=0x000000000499b928 method=com.sun.org.apache.xerces.internal.parsers.AbstractSAXParser.startElement(Lcom/sun/org/apache/xerces/internal/xni/QName;Lcom/sun/org/apache/xerces/internal/xni/XMLAttributes
Event: 550.242 Thread 0x000000001d45e000 Uncommon trap: reason=bimorphic action=maybe_recompile pc=0x00000000042376c8 method=com.sun.org.apache.xerces.internal.parsers.AbstractSAXParser.startNamespaceMapping()V @ 65
Event: 550.243 Thread 0x000000001d45e000 Uncommon trap: reason=bimorphic action=maybe_recompile pc=0x0000000003c33b48 method=com.sun.org.apache.xerces.internal.parsers.AbstractSAXParser.endNamespaceMapping()V @ 35
Event: 550.244 Thread 0x000000001d45e000 Uncommon trap: reason=bimorphic action=maybe_recompile pc=0x0000000003c33b48 method=com.sun.org.apache.xerces.internal.parsers.AbstractSAXParser.endNamespaceMapping()V @ 35
Event: 550.432 Thread 0x000000001d45e000 Uncommon trap: reason=bimorphic action=maybe_recompile pc=0x0000000005a80028 method=java.util.Collections$UnmodifiableCollection.isEmpty()Z @ 4
Event: 550.518 Thread 0x000000001d45e000 Uncommon trap: reason=array_check action=maybe_recompile pc=0x0000000004fed89c method=com.google.common.collect.ImmutableSet.construct(I[Ljava/lang/Object;)Lcom/google/common/collect/ImmutableSet; @ 122
Event: 550.560 Thread 0x000000001d45e000 Uncommon trap: reason=bimorphic action=maybe_recompile pc=0x0000000005a80028 method=java.util.Collections$UnmodifiableCollection.isEmpty()Z @ 4
Event: 551.444 Thread 0x0000000028885800 Uncommon trap: reason=bimorphic action=maybe_recompile pc=0x0000000005a80028 method=java.util.Collections$UnmodifiableCollection.isEmpty()Z @ 4

Classes redefined (0 events):
No events

Internal exceptions (10 events):
Event: 323.533 Thread 0x000000001d462800 Exception <a 'sun/nio/fs/WindowsException'> (0x00000000ef7694d8) thrown at [C:\src\AOSP-openjdk-git\hotspot\src\share\vm\prims\jni.cpp, line 710]
Event: 330.280 Thread 0x000000001d460000 Exception <a 'sun/nio/fs/WindowsException'> (0x00000000de515dc8) thrown at [C:\src\AOSP-openjdk-git\hotspot\src\share\vm\prims\jni.cpp, line 710]
Event: 332.091 Thread 0x000000001d466000 Exception <a 'sun/nio/fs/WindowsException'> (0x00000000e71b5d90) thrown at [C:\src\AOSP-openjdk-git\hotspot\src\share\vm\prims\jni.cpp, line 710]
Event: 333.896 Thread 0x000000001accb800 Exception <a 'sun/nio/fs/WindowsException'> (0x00000000e7c38ee0) thrown at [C:\src\AOSP-openjdk-git\hotspot\src\share\vm\prims\jni.cpp, line 710]
Event: 333.896 Thread 0x000000001accb800 Exception <a 'sun/nio/fs/WindowsException'> (0x00000000e7c393b8) thrown at [C:\src\AOSP-openjdk-git\hotspot\src\share\vm\prims\jni.cpp, line 710]
Event: 333.963 Thread 0x000000001accb800 Exception <a 'java/lang/NoSuchMethodError': java.lang.Object.lambda$static$0(Lcom/android/apksig/util/RunnablesProvider;)V> (0x00000000e7cb8328) thrown at [C:\src\AOSP-openjdk-git\hotspot\src\share\vm\interpreter\linkResolver.cpp, line 620]
Event: 337.823 Thread 0x0000000019219000 Implicit null exception at 0x000000000465f96c to 0x000000000465f9b5
Event: 543.714 Thread 0x000000001d45e000 Implicit null exception at 0x0000000003616b5e to 0x0000000003617571
Event: 543.714 Thread 0x000000001d45e000 Implicit null exception at 0x0000000005b897f6 to 0x0000000005b8e1e5
Event: 550.050 Thread 0x000000001d45e000 Exception <a 'sun/nio/fs/WindowsException'> (0x00000000f3a6dc10) thrown at [C:\src\AOSP-openjdk-git\hotspot\src\share\vm\prims\jni.cpp, line 710]

Events (10 events):
Event: 553.163 Executing VM operation: RevokeBias
Event: 553.164 Executing VM operation: RevokeBias done
Event: 553.164 Executing VM operation: RevokeBias
Event: 553.165 Executing VM operation: RevokeBias done
Event: 562.109 Thread 0x00000000175f7000 flushing nmethod 0x0000000002acfc90
Event: 562.110 Thread 0x00000000175f7000 flushing nmethod 0x0000000002b66250
Event: 562.111 Thread 0x00000000175f7000 flushing nmethod 0x0000000002c2cfd0
Event: 562.376 Thread 0x00000000175f7000 flushing nmethod 0x0000000002d66f50
Event: 562.377 Thread 0x00000000175f7000 flushing nmethod 0x0000000002e82150
Event: 562.378 Thread 0x00000000175f7000 flushing nmethod 0x0000000002f4fc10


Dynamic libraries:
0x00007ff7b05b0000 - 0x00007ff7b05e1000 	C:\Program Files\Android\Android Studio\jre\bin\java.exe
0x00007fff467a0000 - 0x00007fff46990000 	C:\WINDOWS\SYSTEM32\ntdll.dll
0x00007fff461b0000 - 0x00007fff46262000 	C:\WINDOWS\System32\KERNEL32.DLL
0x00007fff44240000 - 0x00007fff444e5000 	C:\WINDOWS\System32\KERNELBASE.dll
0x00007fff44af0000 - 0x00007fff44b93000 	C:\WINDOWS\System32\ADVAPI32.dll
0x00007fff45370000 - 0x00007fff4540e000 	C:\WINDOWS\System32\msvcrt.dll
0x00007fff45d20000 - 0x00007fff45db7000 	C:\WINDOWS\System32\sechost.dll
0x00007fff45250000 - 0x00007fff45370000 	C:\WINDOWS\System32\RPCRT4.dll
0x00007fff450b0000 - 0x00007fff45245000 	C:\WINDOWS\System32\USER32.dll
0x00007fff444f0000 - 0x00007fff44511000 	C:\WINDOWS\System32\win32u.dll
0x00007fff44910000 - 0x00007fff44936000 	C:\WINDOWS\System32\GDI32.dll
0x00007fff440a0000 - 0x00007fff44236000 	C:\WINDOWS\System32\gdi32full.dll
0x00007fff43880000 - 0x00007fff4391e000 	C:\WINDOWS\System32\msvcp_win.dll
0x00007fff44550000 - 0x00007fff4464a000 	C:\WINDOWS\System32\ucrtbase.dll
0x00007fff3a010000 - 0x00007fff3a294000 	C:\WINDOWS\WinSxS\amd64_microsoft.windows.common-controls_6595b64144ccf1df_6.0.18362.1082_none_9e8193e1e45b25c1\COMCTL32.dll
0x00007fff45dc0000 - 0x00007fff460f5000 	C:\WINDOWS\System32\combase.dll
0x00007fff43800000 - 0x00007fff43880000 	C:\WINDOWS\System32\bcryptPrimitives.dll
0x00007fff44dd0000 - 0x00007fff44dfe000 	C:\WINDOWS\System32\IMM32.DLL
0x00000000689e0000 - 0x0000000068ab2000 	C:\Program Files\Android\Android Studio\jre\jre\bin\msvcr100.dll
0x0000000068ba0000 - 0x00000000693eb000 	C:\Program Files\Android\Android Studio\jre\jre\bin\server\jvm.dll
0x00007fff45410000 - 0x00007fff45418000 	C:\WINDOWS\System32\PSAPI.DLL
0x00007fff40f00000 - 0x00007fff40f24000 	C:\WINDOWS\SYSTEM32\WINMM.dll
0x00007fff33830000 - 0x00007fff33839000 	C:\WINDOWS\SYSTEM32\WSOCK32.dll
0x00007fff3a2a0000 - 0x00007fff3a2aa000 	C:\WINDOWS\SYSTEM32\VERSION.dll
0x00007fff44a80000 - 0x00007fff44aef000 	C:\WINDOWS\System32\WS2_32.dll
0x00007fff40ed0000 - 0x00007fff40efd000 	C:\WINDOWS\SYSTEM32\WINMMBASE.dll
0x00007fff44650000 - 0x00007fff4469a000 	C:\WINDOWS\System32\cfgmgr32.dll
0x00007fff3c950000 - 0x00007fff3c95f000 	C:\Program Files\Android\Android Studio\jre\jre\bin\verify.dll
0x00007fff32e90000 - 0x00007fff32eb9000 	C:\Program Files\Android\Android Studio\jre\jre\bin\java.dll
0x00007fff32c60000 - 0x00007fff32c76000 	C:\Program Files\Android\Android Studio\jre\jre\bin\zip.dll
0x00007fff45420000 - 0x00007fff45b07000 	C:\WINDOWS\System32\SHELL32.dll
0x00007fff45b10000 - 0x00007fff45bb9000 	C:\WINDOWS\System32\shcore.dll
0x00007fff43920000 - 0x00007fff440a0000 	C:\WINDOWS\System32\windows.storage.dll
0x00007fff436b0000 - 0x00007fff436d3000 	C:\WINDOWS\System32\profapi.dll
0x00007fff436e0000 - 0x00007fff4372a000 	C:\WINDOWS\System32\powrprof.dll
0x00007fff43660000 - 0x00007fff43670000 	C:\WINDOWS\System32\UMPDC.dll
0x00007fff44d70000 - 0x00007fff44dc2000 	C:\WINDOWS\System32\shlwapi.dll
0x00007fff43670000 - 0x00007fff43681000 	C:\WINDOWS\System32\kernel.appcore.dll
0x00007fff43730000 - 0x00007fff43747000 	C:\WINDOWS\System32\cryptsp.dll
0x00007fff262f0000 - 0x00007fff2630a000 	C:\Program Files\Android\Android Studio\jre\jre\bin\net.dll
0x00007fff42e50000 - 0x00007fff42eb7000 	C:\WINDOWS\system32\mswsock.dll
0x00007fff1d010000 - 0x00007fff1d023000 	C:\Program Files\Android\Android Studio\jre\jre\bin\nio.dll
0x00007fff34700000 - 0x00007fff34727000 	C:\Program Files\Android\Android Studio\gradle\gradle-6.1.1\native\f6784746aeab05261644944871eae4fe03e0ef1612fff0a4a95f87b438bc6780\windows-amd64\native-platform.dll
0x00007fff38300000 - 0x00007fff3830d000 	C:\Program Files\Android\Android Studio\jre\jre\bin\management.dll
0x00007fff429c0000 - 0x00007fff429f3000 	C:\WINDOWS\system32\rsaenh.dll
0x00007fff44520000 - 0x00007fff44546000 	C:\WINDOWS\System32\bcrypt.dll
0x00007fff43580000 - 0x00007fff435a5000 	C:\WINDOWS\SYSTEM32\USERENV.dll
0x00007fff43020000 - 0x00007fff4302c000 	C:\WINDOWS\SYSTEM32\CRYPTBASE.dll
0x00007fff42b60000 - 0x00007fff42b9a000 	C:\WINDOWS\SYSTEM32\IPHLPAPI.DLL
0x00007fff44f40000 - 0x00007fff44f48000 	C:\WINDOWS\System32\NSI.dll
0x00007fff39ea0000 - 0x00007fff39eb6000 	C:\WINDOWS\SYSTEM32\dhcpcsvc6.DLL
0x00007fff3b4e0000 - 0x00007fff3b4fc000 	C:\WINDOWS\SYSTEM32\dhcpcsvc.DLL
0x00007fff42ba0000 - 0x00007fff42c6b000 	C:\WINDOWS\SYSTEM32\DNSAPI.dll
0x00007fff3c380000 - 0x00007fff3c38b000 	C:\WINDOWS\SYSTEM32\WINNSI.DLL
0x00007fff12e20000 - 0x00007fff12e44000 	C:\Program Files\Android\Android Studio\jre\jre\bin\sunec.dll
0x00007fff37390000 - 0x00007fff3739a000 	C:\Windows\System32\rasadhlp.dll
0x00007fff3a2c0000 - 0x00007fff3a337000 	C:\WINDOWS\System32\fwpuclnt.dll
0x00007fff38050000 - 0x00007fff3805b000 	C:\Program Files\Android\Android Studio\jre\jre\bin\sunmscapi.dll
0x00007fff446a0000 - 0x00007fff447e9000 	C:\WINDOWS\System32\CRYPT32.dll
0x00007fff43690000 - 0x00007fff436a2000 	C:\WINDOWS\System32\MSASN1.dll
0x00007fff40f30000 - 0x00007fff40fbf000 	C:\WINDOWS\system32\apphelp.dll

VM Arguments:
jvm_args: -Xmx2048m -Dfile.encoding=UTF-8 -Duser.country=US -Duser.language=en -Duser.variant 
java_command: org.gradle.launcher.daemon.bootstrap.GradleDaemon 6.5
java_class_path (initial): C:\Program Files\Android\Android Studio\gradle\gradle-6.1.1\wrapper\dists\gradle-6.5-bin\6nifqtx7604sqp1q6g8wikw7p\gradle-6.5\lib\gradle-launcher-6.5.jar
Launcher Type: SUN_STANDARD

Environment Variables:
PATH=C:\Program Files\Common Files\Oracle\Java\javapath;C:\ProgramData\Oracle\Java\javapath;C:\Program Files (x86)\Intel\iCLS Client\;C:\Program Files\Intel\iCLS Client\;C:\WINDOWS\system32;C:\WINDOWS;C:\WINDOWS\System32\Wbem;C:\WINDOWS\System32\WindowsPowerShell\v1.0\;C:\Program Files (x86)\Intel\Intel(R) Management Engine Components\DAL;C:\Program Files\Intel\Intel(R) Management Engine Components\DAL;C:\Program Files (x86)\Intel\Intel(R) Management Engine Components\IPT;C:\Program Files\Intel\Intel(R) Management Engine Components\IPT;c:\Program Files (x86)\Microsoft SQL Server\90\Tools\binn\;C:\WINDOWS\System32\OpenSSH\;C:\Program Files\nodejs\;C:\Program Files\Git\cmd;C:\Program Files\PuTTY\;C:\Users\Sahan Sandeepa\AppData\Local\Microsoft\WindowsApps;C:\Users\Sahan Sandeepa\AppData\Roaming\npm;C:\Users\Sahan Sandeepa\AppData\Local\Programs\Microsoft VS Code\bin
USERNAME=Sahan Sandeepa
OS=Windows_NT
PROCESSOR_IDENTIFIER=Intel64 Family 6 Model 142 Stepping 9, GenuineIntel



---------------  S Y S T E M  ---------------

OS: Windows 10.0 , 64 bit Build 18362 (10.0.18362.1082)

CPU:total 4 (initial active 4) (2 cores per cpu, 2 threads per core) family 6 model 142 stepping 9, cmov, cx8, fxsr, mmx, sse, sse2, sse3, ssse3, sse4.1, sse4.2, popcnt, avx, avx2, aes, clmul, erms, 3dnowpref, lzcnt, ht, tsc, tscinvbit, bmi1, bmi2, adx

Memory: 4k page, physical 4057236k(261816k free), swap 10201236k(3032k free)

vm_info: OpenJDK 64-Bit Server VM (25.242-b01) for windows-amd64 JRE (1.8.0_242-release-1644-b01), built by "builder" with MS VC++ 10.0 (VS2010)

time: Sun May 09 12:23:17 2021
timezone: Sri Lanka Standard Time
elapsed time: 574 seconds (0d 0h 9m 34s)

